gavrasm Gerd's AVR assembler version 5.1 (C)2021 by DG4FAC
----------------------------------------------------------

Path:        /home/aluno/Documentos/
Source file: aula_7.asm
Hex file:    aula_7.hex
Eeprom file: aula_7.eep
Compiled:    26.07.2022, 16:31:25
Pass:        2

     1: .device ATmega328p
     2: .org 0x00
     3: 
     4: 000000   C000  RJMP INIT
     5: 
     6: INIT:
     7: 000001   E008  LDI R16, HIGH(RAMEND)
     8: 000002   BF0E  OUT SPH, R16
     9: 000003   EF0F  LDI R16, LOW(RAMEND)
    10: 000004   BF0D  OUT SPL, R16
    11: 000005   C01C  RJMP SUB1
    12: 
    13: THIRD_DELAY:
    14: 
    15: 000006   9583  INC R24;
    16: 
    17: 000007   1758  CP R21, R24
    18: 000008   F0A9  BREQ PISCA_LED
    19: 000009   CFFC  RJMP THIRD_DELAY
    20: 
    21: 
    22: SECOND_DELAY:
    23: 00000A   9573  INC R23;
    24: 
    25: 00000B   1757  CP R21, R23
    26: 00000C   F3C9  BREQ THIRD_DELAY
    27: 00000D   CFFC  RJMP SECOND_DELAY
    28: 
    29: DELAY:
    30: 
    31: 00000E   9563  INC R22;
    32: 
    33: 00000F   1756  CP R21, R22
    34: 000010   F3C9  BREQ SECOND_DELAY
    35: 000011   CFFC  RJMP DELAY
    36: 
    37: 
    38: TURN_ON:
    39: 
    40: 000012   B904  OUT DDRB, R16;
    41: 000013   B905  OUT PORTB, R16;
    42: 
    43:         ; reinicia os contadores do loop
    44: 000014   E070  LDI R23, 0x00
    45: 000015   E060  LDI R22, 0x00
    46: 000016   E080  LDI R24, 0x00
    47: 
    48: 000017   CFF6  RJMP DELAY
    49: 
    50: 
    51: TURN_OFF:
    52: 
    53: 000018   B914  OUT DDRB, R17;
    54: 000019   B915  OUT PORTB, R17;
    55: 
    56: 00001A   E070  LDI R23, 0x00
    57: 00001B   E060  LDI R22, 0x00
    58: 00001C   E080  LDI R24, 0x00
    59: 
    60: 00001D   CFF0  RJMP DELAY
    61: 
    62: PISCA_LED:
    63: 
    64: 00001E   B133  IN R19, PINB; lê o estado atual
    65: 00001F   1730  CP R19, R16
    66: 000020   F3B9  BREQ TURN_OFF
    67: 000021   CFF0  RJMP TURN_ON
    68: 
    69: SUB1:
    70: 000022   E200  LDI R16, 0x20; pino 5 ligado
    71: 000023   E010  LDI R17, 0x00; pinos desligados
    72: 
    73: 000024   E030  LDI R19, 0x00; conterá o estado atual do LED
    74: 
    75: 000025   EA5A  LDI R21, 0xAA; tempo de delay
    76: 000026   E060  LDI R22, 0x00; contador do delay
    77: 000027   E070  LDI R23, 0x00; contador do delay
    78: 000028   E080  LDI R24, 0x00; contador do delay
    79: 
    80: 
    81:      ; Configuração inicial do LED
    82: 
    83: 000029   CFEE  RJMP TURN_OFF
    84: 
    85: 00002A   C000  RJMP LOOP
    86: 
    87: 
    88: 
    89: 00002B   CFFF  RJMP LOOP
    90: 
    91: 

List of symbols:
Type nDef nUsed             Decimalval           Hexval Name
  T     1     1                    171               AB ATMEGA328P
  L     1     2                      1               01 INIT
  L     1     4                      6               06 THIRD_DELAY
  L     1     4                     10               0A SECOND_DELAY
  L     1     6                     14               0E DELAY
  L     1     2                     18               12 TURN_ON
  L     1     4                     24               18 TURN_OFF
  L     1     2                     30               1E PISCA_LED
  L     1     2                     34               22 SUB1
  L     1     4                     43               2B LOOP
  C     1     0                     22               16 NOW_Y
  C     1     0                      7               07 NOW_M
  C     1     0                     26               1A NOW_D
  C     1     0                  44768             AEE0 NOW_I
   No macros.

Program             :       44 words.
Constants           :        0 words.
Total program memory:       44 words.
Eeprom space        :        0 bytes.
Data segment        :        0 bytes.
Compilation completed, no errors.
Compilation ended 26.07.2022, 16:31:25
