gavrasm Gerd's AVR assembler version 5.1 (C)2021 by DG4FAC
----------------------------------------------------------

Path:        /home/aluno/Documentos/
Source file: aula4.asm
Hex file:    aula4.hex
Eeprom file: aula4.eep
Compiled:    12.07.2022, 16:53:31
Pass:        2

     1: .device ATmega328p
     2: 
     3: .DSEG
     4:     i: .byte 0x00
     5:     maior_v: .byte 0x00
     6: .CSEG
     7: 
     8: .org 0x00
     9: 
    10: 000000   C000  RJMP INIT
    11: 
    12: INIT:
    13: 000001   E008  LDI R16, HIGH(RAMEND)
    14: 000002   BF0E  OUT SPH, R16
    15: 000003   EF0F  LDI R16, LOW(RAMEND)
    16: 000004   BF0D  OUT SPL, R16
    17: 000005   C000  RJMP P1
    18: 
    19: P1:
    20: 000006   E2EC  LDI R30, LOW(ARRAY << 1)
    21: 000007   E0F0  LDI R31, HIGH(ARRAY << 1)
    22: 
    23: 000008   E005  LDI R16, 0x05; tamanho array - 1
    24: 000009   E010  LDI R17, 0x00; i
    25: 00000A   E020  LDI R18, 0x00; maior_v
    26: 
    27: 00000B   9124  LPM R18, Z; lê o que está na posição Z
    28: 
    29:       PROCURA:
    30: 00000C   1710  CP R17, R16
    31: 00000D   F039  BREQ LOOP
    32: 00000E   95E3  INC R30
    33: 00000F   9513  INC R17
    34: 000010   9134  LPM R19, Z; lê o que está na posição Z
    35: 
    36: 000011   1732  CP R19, R18
    37: 000012   F3C8  BRLO PROCURA
    38: 
    39: 000013   2F23  MOV R18, R19; carrega valor
    40: 000014   CFF7  RJMP PROCURA
    41: 
    42: 
    43: 
    44: 
    45: 000015   CFFF  RJMP LOOP
    46: 
    47: ARRAY: .db 0x01, 0x02, 0x05, 0x04, 0x03, 0x00
        000016 0201 0405 0003

List of symbols:
Type nDef nUsed             Decimalval           Hexval Name
  T     1     1                    171               AB ATMEGA328P
  L     1     0                    256             0100 I
  L     1     0                    256             0100 MAIOR_V
  L     1     2                      1               01 INIT
  L     1     2                      6               06 P1
  L     1     4                     12               0C PROCURA
  L     1     4                     21               15 LOOP
  L     1     2                     22               16 ARRAY
  C     1     0                     22               16 NOW_Y
  C     1     0                      7               07 NOW_M
  C     1     0                     12               0C NOW_D
  C     1     0                  44754             AED2 NOW_I
   No macros.

Program             :       22 words.
Constants           :        3 words.
Total program memory:       25 words.
Eeprom space        :        0 bytes.
Data segment        :        0 bytes.
Compilation completed, no errors.
Compilation ended 12.07.2022, 16:53:31
