gavrasm Gerd's AVR assembler version 5.1 (C)2021 by DG4FAC
----------------------------------------------------------

Path:        /home/aluno/Documentos/
Source file: aula2.asm
Hex file:    aula2.hex
Eeprom file: aula2.eep
Compiled:    05.07.2022, 17:00:28
Pass:        2

     1: .device ATmega328p
     2: .org 0x00
     3: 
     4: 000000   C000  RJMP INIT
     5: 
     6: INIT:
     7: 000001   E008  LDI R16, HIGH(RAMEND)
     8: 000002   BF0E  OUT SPH, R16
     9: 000003   EF0F  LDI R16, LOW(RAMEND)
    10: 000004   BF0D  OUT SPL, R16
    11: 000005   C018  RJMP P3
    12: 
    13: SOMA:
    14: 000006   0F01  ADD R16, R17
    15: 000007   9508  RET
    16: 
    17: P1:
    18: 000008   E001  LDI R16, 0x01
    19: 000009   E110  LDI R17, 0x10
    20: 00000A   940E  CALL SOMA
        00000B   0006
    21: 00000C   E021  LDI R18, 0x01
    22: 
    23: POTENCIA:
    24: 00000D   0F11  LSL R17
    25: 
    26: 00000E   9533  INC R19
    27: 00000F   1730  CP R19, R16
    28: 000010   F3E1  BREQ POTENCIA
    29: 000011   9508  RET
    30: 
    31: 
    32: P2:
    33: 000012   E002  LDI R16, 0x02; n
    34: 000013   E011  LDI R17, 0x01; 2^n
    35: 000014   E023  LDI R18, 0x03; x
    36: 000015   E031  LDI R19, 0x01; i = 1
    37: 000016   940E  CALL POTENCIA
        000017   000D
    38: 000018   9F21  MUL R18, R17
    39: 
    40: DIVI:
    41: 000019   9526  LSR R18
    42: 
    43: 00001A   9533  INC R19
    44: 00001B   1730  CP R19, R16
    45: 00001C   F7E1  BRNE DIVI
    46: 00001D   9508  RET
    47: 
    48: P3:
    49: 00001E   E004  LDI R16, 0x04; n
    50: 00001F   E820  LDI R18, 0x80; x
    51: 000020   E031  LDI R19, 0x01; i = 1
    52: 000021   940E  CALL DIVI
        000022   0019
    53: 
    54: 
    55: 
    56: 000023   CFFF  rjmp LOOP
    57: 

List of symbols:
Type nDef nUsed             Decimalval           Hexval Name
  T     1     1                    171               AB ATMEGA328P
  L     1     2                      1               01 INIT
  L     1     1                      6               06 SOMA
  L     1     0                      8               08 P1
  L     1     3                     13               0D POTENCIA
  L     1     0                     18               12 P2
  L     1     3                     25               19 DIVI
  L     1     2                     30               1E P3
  L     1     2                     35               23 LOOP
  C     1     0                     22               16 NOW_Y
  C     1     0                      7               07 NOW_M
  C     1     0                      5               05 NOW_D
  C     1     0                  44747             AECB NOW_I
   No macros.

Program             :       36 words.
Constants           :        0 words.
Total program memory:       36 words.
Eeprom space        :        0 bytes.
Data segment        :        0 bytes.
Compilation completed, no errors.
Compilation ended 05.07.2022, 17:00:28
